<?xml version="1.0" encoding="UTF-8"?>
<!-- Generated by org.testng.reporters.JUnitReportReporter -->
<testsuite hostname="kishorekumar" name="com.google.HomePage.AppTest" tests="4" failures="0" timestamp="9 Nov 2019 06:37:59 GMT" time="0.045" errors="0">
  <testcase name="test_2" time="0.003" classname="com.google.HomePage.AppTest"/>
  <testcase name="test_4" time="0.006" classname="com.google.HomePage.AppTest"/>
  <testcase name="test_1" time="0.029" classname="com.google.HomePage.AppTest"/>
  <testcase name="test_3" time="0.007" classname="com.google.HomePage.AppTest"/>
</testsuite> <!-- com.google.HomePage.AppTest -->
